{
  "RSpec": {
    "coverage": {
      "C:/Sites/week6_day2/app/helpers/application_helper.rb": [
        1,
        1,
        0,
        null,
        null,
        1,
        null,
        0,
        0,
        0,
        null,
        null,
        0,
        null,
        null,
        1,
        0,
        null,
        null
      ],
      "C:/Sites/week6_day2/app/helpers/friends_helper.rb": [
        1,
        null
      ],
      "C:/Sites/week6_day2/app/helpers/friendships_helper.rb": [
        1,
        null
      ],
      "C:/Sites/week6_day2/app/helpers/home_helper.rb": [
        1,
        null
      ],
      "C:/Sites/week6_day2/app/helpers/messages_helper.rb": [
        1,
        null
      ],
      "C:/Sites/week6_day2/app/helpers/sessions_helper.rb": [
        1,
        null
      ],
      "C:/Sites/week6_day2/app/helpers/users_helper.rb": [
        1,
        null
      ],
      "C:/Sites/week6_day2/app/controllers/users_controller.rb": [
        1,
        1,
        null,
        1,
        0,
        null,
        null,
        1,
        0,
        0,
        0,
        0,
        0,
        null,
        0,
        null,
        null,
        null,
        1,
        0,
        null,
        null,
        1,
        0,
        0,
        null,
        null,
        1,
        2,
        null,
        null,
        1,
        null,
        1,
        0,
        null,
        null
      ],
      "C:/Sites/week6_day2/app/controllers/application_controller.rb": [
        1,
        1,
        1,
        null,
        1,
        null,
        1,
        3,
        1,
        null,
        null,
        null,
        1,
        0,
        null,
        null,
        1,
        0,
        null,
        null,
        1,
        3,
        null,
        null
      ],
      "C:/Sites/week6_day2/app/models/message.rb": [
        1,
        1,
        1,
        1,
        null
      ],
      "C:/Sites/week6_day2/app/models/application_record.rb": [
        1,
        1,
        null
      ],
      "C:/Sites/week6_day2/app/models/user.rb": [
        1,
        1,
        1,
        null,
        1,
        1,
        null,
        null,
        null,
        null,
        null,
        1,
        1,
        null,
        1,
        null,
        null,
        null,
        null,
        0,
        0,
        0,
        0,
        0,
        null,
        null,
        null,
        null,
        null,
        null,
        null,
        0,
        null,
        null,
        1,
        1,
        null,
        null,
        1,
        0,
        null,
        null,
        1,
        0,
        null,
        null,
        1,
        0,
        0,
        0,
        0,
        0,
        0,
        0,
        0,
        0,
        null,
        null,
        null,
        null,
        null,
        null,
        null,
        null,
        null,
        null,
        null,
        null,
        null,
        null,
        1,
        0,
        null,
        null,
        1,
        0,
        null,
        null,
        1,
        0,
        null,
        null,
        null,
        1,
        0,
        null,
        null,
        1,
        0,
        null,
        null
      ],
      "C:/Sites/week6_day2/app/channels/application_cable/channel.rb": [
        0,
        0,
        0,
        0
      ],
      "C:/Sites/week6_day2/app/channels/application_cable/connection.rb": [
        0,
        0,
        0,
        0
      ],
      "C:/Sites/week6_day2/app/controllers/friendships_controller.rb": [
        0,
        null,
        0,
        0,
        0,
        0,
        null,
        null,
        null,
        0,
        0,
        0,
        0,
        0,
        null,
        0,
        0,
        0,
        0,
        0
      ],
      "C:/Sites/week6_day2/app/controllers/friends_controller.rb": [
        0,
        0,
        0,
        0,
        null,
        0,
        0,
        0,
        0
      ],
      "C:/Sites/week6_day2/app/controllers/home_controller.rb": [
        0,
        0,
        0,
        0
      ],
      "C:/Sites/week6_day2/app/controllers/messages_controller.rb": [
        0,
        0,
        null,
        0,
        0,
        0,
        null,
        0,
        0,
        0,
        0,
        0,
        0,
        0,
        0,
        null,
        0,
        0,
        0,
        null,
        0,
        0,
        0,
        null,
        0,
        0,
        0,
        null,
        0,
        null,
        0,
        0,
        0,
        0
      ],
      "C:/Sites/week6_day2/app/controllers/sessions_controller.rb": [
        0,
        0,
        0,
        null,
        0,
        0,
        0,
        null,
        0,
        0,
        0,
        0,
        null,
        0,
        0,
        null,
        0,
        0,
        0,
        0,
        0,
        0,
        0,
        0,
        0,
        0,
        0,
        null,
        0,
        0,
        null,
        0,
        0,
        0,
        0,
        0
      ],
      "C:/Sites/week6_day2/app/jobs/application_job.rb": [
        0,
        0
      ],
      "C:/Sites/week6_day2/app/mailers/application_mailer.rb": [
        0,
        0,
        0,
        0
      ],
      "C:/Sites/week6_day2/app/models/friendship.rb": [
        0,
        0,
        0,
        0
      ]
    },
    "timestamp": 1502787442
  }
}
